# JRE version: Java(TM) SE Runtime Environment 18.9 (11.0.10+8) (build 11.0.10+8-LTS-162)
# Java VM: Java HotSpot(TM) 64-Bit Server VM 18.9 (11.0.10+8-LTS-162, mixed mode, tiered, compressed oops, g1 gc, windows-amd64)
Heap:
 garbage-first heap   total 635904K, used 348789K [0x0000000080000000, 0x0000000100000000)
  region size 1024K, 3 young (3072K), 3 survivors (3072K)
 Metaspace       used 180172K, capacity 186784K, committed 186960K, reserved 677888K
  class space    used 22754K, capacity 25305K, committed 25344K, reserved 516096K
GC Heap History (10 events):
Event: 3372.762 GC heap after
{Heap after GC invocations=148 (full 0):
 garbage-first heap   total 398336K, used 334518K [0x0000000080000000, 0x0000000100000000)
  region size 1024K, 2 young (2048K), 2 survivors (2048K)
 Metaspace       used 179073K, capacity 185551K, committed 185808K, reserved 677888K
  class space    used 22592K, capacity 25124K, committed 25216K, reserved 516096K
}
Event: 3372.802 GC heap before
{Heap before GC invocations=148 (full 0):
 garbage-first heap   total 398336K, used 350902K [0x0000000080000000, 0x0000000100000000)
  region size 1024K, 19 young (19456K), 2 survivors (2048K)
 Metaspace       used 179427K, capacity 185984K, committed 186064K, reserved 677888K
  class space    used 22655K, capacity 25179K, committed 25216K, reserved 516096K
}
Event: 3372.809 GC heap after
{Heap after GC invocations=149 (full 0):
 garbage-first heap   total 398336K, used 337688K [0x0000000080000000, 0x0000000100000000)
  region size 1024K, 3 young (3072K), 3 survivors (3072K)
 Metaspace       used 179427K, capacity 185984K, committed 186064K, reserved 677888K
  class space    used 22655K, capacity 25179K, committed 25216K, reserved 516096K
}
Event: 3372.832 GC heap before
{Heap before GC invocations=149 (full 0):
 garbage-first heap   total 398336K, used 353048K [0x0000000080000000, 0x0000000100000000)
  region size 1024K, 19 young (19456K), 3 survivors (3072K)
 Metaspace       used 179570K, capacity 186108K, committed 186448K, reserved 677888K
  class space    used 22685K, capacity 25218K, committed 25344K, reserved 516096K
}
Event: 3372.839 GC heap after
{Heap after GC invocations=150 (full 0):
 garbage-first heap   total 398336K, used 340753K [0x0000000080000000, 0x0000000100000000)
  region size 1024K, 3 young (3072K), 3 survivors (3072K)
 Metaspace       used 179570K, capacity 186108K, committed 186448K, reserved 677888K
  class space    used 22685K, capacity 25218K, committed 25344K, reserved 516096K
}
Event: 3372.861 GC heap before
{Heap before GC invocations=150 (full 0):
 garbage-first heap   total 398336K, used 356113K [0x0000000080000000, 0x0000000100000000)
  region size 1024K, 19 young (19456K), 3 survivors (3072K)
 Metaspace       used 179690K, capacity 186247K, committed 186448K, reserved 677888K
  class space    used 22691K, capacity 25221K, committed 25344K, reserved 516096K
}
Event: 3372.868 GC heap after
{Heap after GC invocations=151 (full 0):
 garbage-first heap   total 398336K, used 344064K [0x0000000080000000, 0x0000000100000000)
  region size 1024K, 3 young (3072K), 3 survivors (3072K)
 Metaspace       used 179690K, capacity 186247K, committed 186448K, reserved 677888K
  class space    used 22691K, capacity 25221K, committed 25344K, reserved 516096K
}
Event: 3372.911 GC heap before
{Heap before GC invocations=151 (full 0):
 garbage-first heap   total 398336K, used 359424K [0x0000000080000000, 0x0000000100000000)
  region size 1024K, 20 young (20480K), 3 survivors (3072K)
 Metaspace       used 179935K, capacity 186528K, committed 186704K, reserved 677888K
  class space    used 22726K, capacity 25268K, committed 25344K, reserved 516096K
}
Event: 3372.937 GC heap after
{Heap after GC invocations=152 (full 0):
 garbage-first heap   total 398336K, used 346715K [0x0000000080000000, 0x0000000100000000)
  region size 1024K, 3 young (3072K), 3 survivors (3072K)
 Metaspace       used 179935K, capacity 186528K, committed 186704K, reserved 677888K
  class space    used 22726K, capacity 25268K, committed 25344K, reserved 516096K
}
Event: 3373.031 GC heap before
{Heap before GC invocations=152 (full 0):
 garbage-first heap   total 398336K, used 362075K [0x0000000080000000, 0x0000000100000000)
  region size 1024K, 19 young (19456K), 3 survivors (3072K)
 Metaspace       used 180172K, capacity 186784K, committed 186960K, reserved 677888K
  class space    used 22754K, capacity 25305K, committed 25344K, reserved 516096K
}

